<?xml version="1.0" encoding="UTF-8"?>
<testsuite xmlns:xsi="http://www.w3.org/2001/XMLSchema-instance" xsi:noNamespaceSchemaLocation="https://maven.apache.org/surefire/maven-surefire-plugin/xsd/surefire-test-report.xsd" name="com.param.rest.openapi.camelandsnakecase.CamelAndSnakeCaseApplicationTests" time="8.615" tests="1" errors="0" skipped="0" failures="0">
  <properties>
    <property name="java.specification.version" value="15"/>
    <property name="sun.jnu.encoding" value="UTF-8"/>
    <property name="java.class.path" value="/Users/param/Downloads/camel-and-snake-case/target/test-classes:/Users/param/Downloads/camel-and-snake-case/target/classes:/Users/param/.m2/repository/org/springframework/boot/spring-boot-starter/2.6.1/spring-boot-starter-2.6.1.jar:/Users/param/.m2/repository/org/springframework/boot/spring-boot/2.6.1/spring-boot-2.6.1.jar:/Users/param/.m2/repository/org/springframework/spring-context/5.3.13/spring-context-5.3.13.jar:/Users/param/.m2/repository/org/springframework/boot/spring-boot-autoconfigure/2.6.1/spring-boot-autoconfigure-2.6.1.jar:/Users/param/.m2/repository/org/springframework/boot/spring-boot-starter-logging/2.6.1/spring-boot-starter-logging-2.6.1.jar:/Users/param/.m2/repository/ch/qos/logback/logback-classic/1.2.7/logback-classic-1.2.7.jar:/Users/param/.m2/repository/ch/qos/logback/logback-core/1.2.7/logback-core-1.2.7.jar:/Users/param/.m2/repository/org/apache/logging/log4j/log4j-to-slf4j/2.14.1/log4j-to-slf4j-2.14.1.jar:/Users/param/.m2/repository/org/apache/logging/log4j/log4j-api/2.14.1/log4j-api-2.14.1.jar:/Users/param/.m2/repository/org/slf4j/jul-to-slf4j/1.7.32/jul-to-slf4j-1.7.32.jar:/Users/param/.m2/repository/jakarta/annotation/jakarta.annotation-api/1.3.5/jakarta.annotation-api-1.3.5.jar:/Users/param/.m2/repository/org/springframework/spring-core/5.3.13/spring-core-5.3.13.jar:/Users/param/.m2/repository/org/springframework/spring-jcl/5.3.13/spring-jcl-5.3.13.jar:/Users/param/.m2/repository/org/yaml/snakeyaml/1.29/snakeyaml-1.29.jar:/Users/param/.m2/repository/top/jfunc/network/httpclient-okhttp3-spring-boot-starter/1.1.2/httpclient-okhttp3-spring-boot-starter-1.1.2.jar:/Users/param/.m2/repository/top/jfunc/network/httpclient-okhttp3/1.1.2/httpclient-okhttp3-1.1.2.jar:/Users/param/.m2/repository/top/jfunc/network/httpclient-core/1.1.2/httpclient-core-1.1.2.jar:/Users/param/.m2/repository/top/jfunc/common/utils/1.8.2.2/utils-1.8.2.2.jar:/Users/param/.m2/repository/net/logstash/logback/logstash-logback-encoder/4.11/logstash-logback-encoder-4.11.jar:/Users/param/.m2/repository/org/slf4j/log4j-over-slf4j/1.7.32/log4j-over-slf4j-1.7.32.jar:/Users/param/.m2/repository/org/slf4j/jcl-over-slf4j/1.7.32/jcl-over-slf4j-1.7.32.jar:/Users/param/.m2/repository/com/squareup/okhttp3/okhttp/3.14.9/okhttp-3.14.9.jar:/Users/param/.m2/repository/com/squareup/okio/okio/1.17.2/okio-1.17.2.jar:/Users/param/.m2/repository/top/jfunc/network/httpclient-parent-spring-boot-starter/1.1.2/httpclient-parent-spring-boot-starter-1.1.2.jar:/Users/param/.m2/repository/org/springframework/boot/spring-boot-starter-web/2.6.1/spring-boot-starter-web-2.6.1.jar:/Users/param/.m2/repository/org/springframework/boot/spring-boot-starter-json/2.6.1/spring-boot-starter-json-2.6.1.jar:/Users/param/.m2/repository/com/fasterxml/jackson/datatype/jackson-datatype-jdk8/2.13.0/jackson-datatype-jdk8-2.13.0.jar:/Users/param/.m2/repository/com/fasterxml/jackson/datatype/jackson-datatype-jsr310/2.13.0/jackson-datatype-jsr310-2.13.0.jar:/Users/param/.m2/repository/com/fasterxml/jackson/module/jackson-module-parameter-names/2.13.0/jackson-module-parameter-names-2.13.0.jar:/Users/param/.m2/repository/org/springframework/boot/spring-boot-starter-tomcat/2.6.1/spring-boot-starter-tomcat-2.6.1.jar:/Users/param/.m2/repository/org/apache/tomcat/embed/tomcat-embed-core/9.0.55/tomcat-embed-core-9.0.55.jar:/Users/param/.m2/repository/org/apache/tomcat/embed/tomcat-embed-websocket/9.0.55/tomcat-embed-websocket-9.0.55.jar:/Users/param/.m2/repository/org/springframework/spring-web/5.3.13/spring-web-5.3.13.jar:/Users/param/.m2/repository/org/springframework/spring-beans/5.3.13/spring-beans-5.3.13.jar:/Users/param/.m2/repository/org/springframework/spring-webmvc/5.3.13/spring-webmvc-5.3.13.jar:/Users/param/.m2/repository/org/springframework/spring-aop/5.3.13/spring-aop-5.3.13.jar:/Users/param/.m2/repository/org/springframework/spring-expression/5.3.13/spring-expression-5.3.13.jar:/Users/param/.m2/repository/org/springframework/boot/spring-boot-starter-actuator/2.6.1/spring-boot-starter-actuator-2.6.1.jar:/Users/param/.m2/repository/org/springframework/boot/spring-boot-actuator-autoconfigure/2.6.1/spring-boot-actuator-autoconfigure-2.6.1.jar:/Users/param/.m2/repository/org/springframework/boot/spring-boot-actuator/2.6.1/spring-boot-actuator-2.6.1.jar:/Users/param/.m2/repository/io/micrometer/micrometer-core/1.8.0/micrometer-core-1.8.0.jar:/Users/param/.m2/repository/org/hdrhistogram/HdrHistogram/2.1.12/HdrHistogram-2.1.12.jar:/Users/param/.m2/repository/org/latencyutils/LatencyUtils/2.0.3/LatencyUtils-2.0.3.jar:/Users/param/.m2/repository/org/springframework/boot/spring-boot-starter-validation/2.6.1/spring-boot-starter-validation-2.6.1.jar:/Users/param/.m2/repository/org/apache/tomcat/embed/tomcat-embed-el/9.0.55/tomcat-embed-el-9.0.55.jar:/Users/param/.m2/repository/org/hibernate/validator/hibernate-validator/6.2.0.Final/hibernate-validator-6.2.0.Final.jar:/Users/param/.m2/repository/jakarta/validation/jakarta.validation-api/2.0.2/jakarta.validation-api-2.0.2.jar:/Users/param/.m2/repository/org/jboss/logging/jboss-logging/3.4.2.Final/jboss-logging-3.4.2.Final.jar:/Users/param/.m2/repository/com/fasterxml/classmate/1.5.1/classmate-1.5.1.jar:/Users/param/.m2/repository/javax/annotation/javax.annotation-api/1.3.2/javax.annotation-api-1.3.2.jar:/Users/param/.m2/repository/io/swagger/core/v3/swagger-annotations/2.1.7/swagger-annotations-2.1.7.jar:/Users/param/.m2/repository/org/apache/commons/commons-lang3/3.12.0/commons-lang3-3.12.0.jar:/Users/param/.m2/repository/com/fasterxml/jackson/core/jackson-databind/2.13.0/jackson-databind-2.13.0.jar:/Users/param/.m2/repository/com/fasterxml/jackson/core/jackson-annotations/2.13.0/jackson-annotations-2.13.0.jar:/Users/param/.m2/repository/com/fasterxml/jackson/core/jackson-core/2.13.0/jackson-core-2.13.0.jar:/Users/param/.m2/repository/org/springframework/boot/spring-boot-starter-test/2.6.1/spring-boot-starter-test-2.6.1.jar:/Users/param/.m2/repository/org/springframework/boot/spring-boot-test/2.6.1/spring-boot-test-2.6.1.jar:/Users/param/.m2/repository/org/springframework/boot/spring-boot-test-autoconfigure/2.6.1/spring-boot-test-autoconfigure-2.6.1.jar:/Users/param/.m2/repository/com/jayway/jsonpath/json-path/2.6.0/json-path-2.6.0.jar:/Users/param/.m2/repository/net/minidev/json-smart/2.4.7/json-smart-2.4.7.jar:/Users/param/.m2/repository/net/minidev/accessors-smart/2.4.7/accessors-smart-2.4.7.jar:/Users/param/.m2/repository/org/ow2/asm/asm/9.1/asm-9.1.jar:/Users/param/.m2/repository/org/slf4j/slf4j-api/1.7.32/slf4j-api-1.7.32.jar:/Users/param/.m2/repository/jakarta/xml/bind/jakarta.xml.bind-api/2.3.3/jakarta.xml.bind-api-2.3.3.jar:/Users/param/.m2/repository/jakarta/activation/jakarta.activation-api/1.2.2/jakarta.activation-api-1.2.2.jar:/Users/param/.m2/repository/org/assertj/assertj-core/3.21.0/assertj-core-3.21.0.jar:/Users/param/.m2/repository/org/hamcrest/hamcrest/2.2/hamcrest-2.2.jar:/Users/param/.m2/repository/org/junit/jupiter/junit-jupiter/5.8.1/junit-jupiter-5.8.1.jar:/Users/param/.m2/repository/org/junit/jupiter/junit-jupiter-api/5.8.1/junit-jupiter-api-5.8.1.jar:/Users/param/.m2/repository/org/opentest4j/opentest4j/1.2.0/opentest4j-1.2.0.jar:/Users/param/.m2/repository/org/junit/platform/junit-platform-commons/1.8.1/junit-platform-commons-1.8.1.jar:/Users/param/.m2/repository/org/apiguardian/apiguardian-api/1.1.2/apiguardian-api-1.1.2.jar:/Users/param/.m2/repository/org/junit/jupiter/junit-jupiter-params/5.8.1/junit-jupiter-params-5.8.1.jar:/Users/param/.m2/repository/org/junit/jupiter/junit-jupiter-engine/5.8.1/junit-jupiter-engine-5.8.1.jar:/Users/param/.m2/repository/org/junit/platform/junit-platform-engine/1.8.1/junit-platform-engine-1.8.1.jar:/Users/param/.m2/repository/org/mockito/mockito-core/4.0.0/mockito-core-4.0.0.jar:/Users/param/.m2/repository/net/bytebuddy/byte-buddy/1.11.22/byte-buddy-1.11.22.jar:/Users/param/.m2/repository/net/bytebuddy/byte-buddy-agent/1.11.22/byte-buddy-agent-1.11.22.jar:/Users/param/.m2/repository/org/objenesis/objenesis/3.2/objenesis-3.2.jar:/Users/param/.m2/repository/org/mockito/mockito-junit-jupiter/4.0.0/mockito-junit-jupiter-4.0.0.jar:/Users/param/.m2/repository/org/skyscreamer/jsonassert/1.5.0/jsonassert-1.5.0.jar:/Users/param/.m2/repository/com/vaadin/external/google/android-json/0.0.20131108.vaadin1/android-json-0.0.20131108.vaadin1.jar:/Users/param/.m2/repository/org/springframework/spring-test/5.3.13/spring-test-5.3.13.jar:/Users/param/.m2/repository/org/xmlunit/xmlunit-core/2.8.3/xmlunit-core-2.8.3.jar:/Users/param/.m2/repository/com/google/code/gson/gson/2.8.8/gson-2.8.8.jar:/Users/param/.m2/repository/io/swagger/swagger-annotations/1.6.2/swagger-annotations-1.6.2.jar:/Users/param/.m2/repository/com/google/code/findbugs/jsr305/3.0.2/jsr305-3.0.2.jar:"/>
    <property name="java.vm.vendor" value="Oracle Corporation"/>
    <property name="sun.arch.data.model" value="64"/>
    <property name="java.vendor.url" value="https://openjdk.java.net/"/>
    <property name="os.name" value="Mac OS X"/>
    <property name="java.vm.specification.version" value="15"/>
    <property name="sun.java.launcher" value="SUN_STANDARD"/>
    <property name="user.country" value="IN"/>
    <property name="sun.boot.library.path" value="/usr/local/Cellar/openjdk/15.0.2/libexec/openjdk.jdk/Contents/Home/lib"/>
    <property name="sun.java.command" value="/Users/param/Downloads/camel-and-snake-case/target/surefire/surefirebooter12004460069391647735.jar /Users/param/Downloads/camel-and-snake-case/target/surefire 2021-12-03T14-33-35_658-jvmRun1 surefire14706119994660173577tmp surefire_010855253317211321773tmp"/>
    <property name="jdk.debug" value="release"/>
    <property name="surefire.test.class.path" value="/Users/param/Downloads/camel-and-snake-case/target/test-classes:/Users/param/Downloads/camel-and-snake-case/target/classes:/Users/param/.m2/repository/org/springframework/boot/spring-boot-starter/2.6.1/spring-boot-starter-2.6.1.jar:/Users/param/.m2/repository/org/springframework/boot/spring-boot/2.6.1/spring-boot-2.6.1.jar:/Users/param/.m2/repository/org/springframework/spring-context/5.3.13/spring-context-5.3.13.jar:/Users/param/.m2/repository/org/springframework/boot/spring-boot-autoconfigure/2.6.1/spring-boot-autoconfigure-2.6.1.jar:/Users/param/.m2/repository/org/springframework/boot/spring-boot-starter-logging/2.6.1/spring-boot-starter-logging-2.6.1.jar:/Users/param/.m2/repository/ch/qos/logback/logback-classic/1.2.7/logback-classic-1.2.7.jar:/Users/param/.m2/repository/ch/qos/logback/logback-core/1.2.7/logback-core-1.2.7.jar:/Users/param/.m2/repository/org/apache/logging/log4j/log4j-to-slf4j/2.14.1/log4j-to-slf4j-2.14.1.jar:/Users/param/.m2/repository/org/apache/logging/log4j/log4j-api/2.14.1/log4j-api-2.14.1.jar:/Users/param/.m2/repository/org/slf4j/jul-to-slf4j/1.7.32/jul-to-slf4j-1.7.32.jar:/Users/param/.m2/repository/jakarta/annotation/jakarta.annotation-api/1.3.5/jakarta.annotation-api-1.3.5.jar:/Users/param/.m2/repository/org/springframework/spring-core/5.3.13/spring-core-5.3.13.jar:/Users/param/.m2/repository/org/springframework/spring-jcl/5.3.13/spring-jcl-5.3.13.jar:/Users/param/.m2/repository/org/yaml/snakeyaml/1.29/snakeyaml-1.29.jar:/Users/param/.m2/repository/top/jfunc/network/httpclient-okhttp3-spring-boot-starter/1.1.2/httpclient-okhttp3-spring-boot-starter-1.1.2.jar:/Users/param/.m2/repository/top/jfunc/network/httpclient-okhttp3/1.1.2/httpclient-okhttp3-1.1.2.jar:/Users/param/.m2/repository/top/jfunc/network/httpclient-core/1.1.2/httpclient-core-1.1.2.jar:/Users/param/.m2/repository/top/jfunc/common/utils/1.8.2.2/utils-1.8.2.2.jar:/Users/param/.m2/repository/net/logstash/logback/logstash-logback-encoder/4.11/logstash-logback-encoder-4.11.jar:/Users/param/.m2/repository/org/slf4j/log4j-over-slf4j/1.7.32/log4j-over-slf4j-1.7.32.jar:/Users/param/.m2/repository/org/slf4j/jcl-over-slf4j/1.7.32/jcl-over-slf4j-1.7.32.jar:/Users/param/.m2/repository/com/squareup/okhttp3/okhttp/3.14.9/okhttp-3.14.9.jar:/Users/param/.m2/repository/com/squareup/okio/okio/1.17.2/okio-1.17.2.jar:/Users/param/.m2/repository/top/jfunc/network/httpclient-parent-spring-boot-starter/1.1.2/httpclient-parent-spring-boot-starter-1.1.2.jar:/Users/param/.m2/repository/org/springframework/boot/spring-boot-starter-web/2.6.1/spring-boot-starter-web-2.6.1.jar:/Users/param/.m2/repository/org/springframework/boot/spring-boot-starter-json/2.6.1/spring-boot-starter-json-2.6.1.jar:/Users/param/.m2/repository/com/fasterxml/jackson/datatype/jackson-datatype-jdk8/2.13.0/jackson-datatype-jdk8-2.13.0.jar:/Users/param/.m2/repository/com/fasterxml/jackson/datatype/jackson-datatype-jsr310/2.13.0/jackson-datatype-jsr310-2.13.0.jar:/Users/param/.m2/repository/com/fasterxml/jackson/module/jackson-module-parameter-names/2.13.0/jackson-module-parameter-names-2.13.0.jar:/Users/param/.m2/repository/org/springframework/boot/spring-boot-starter-tomcat/2.6.1/spring-boot-starter-tomcat-2.6.1.jar:/Users/param/.m2/repository/org/apache/tomcat/embed/tomcat-embed-core/9.0.55/tomcat-embed-core-9.0.55.jar:/Users/param/.m2/repository/org/apache/tomcat/embed/tomcat-embed-websocket/9.0.55/tomcat-embed-websocket-9.0.55.jar:/Users/param/.m2/repository/org/springframework/spring-web/5.3.13/spring-web-5.3.13.jar:/Users/param/.m2/repository/org/springframework/spring-beans/5.3.13/spring-beans-5.3.13.jar:/Users/param/.m2/repository/org/springframework/spring-webmvc/5.3.13/spring-webmvc-5.3.13.jar:/Users/param/.m2/repository/org/springframework/spring-aop/5.3.13/spring-aop-5.3.13.jar:/Users/param/.m2/repository/org/springframework/spring-expression/5.3.13/spring-expression-5.3.13.jar:/Users/param/.m2/repository/org/springframework/boot/spring-boot-starter-actuator/2.6.1/spring-boot-starter-actuator-2.6.1.jar:/Users/param/.m2/repository/org/springframework/boot/spring-boot-actuator-autoconfigure/2.6.1/spring-boot-actuator-autoconfigure-2.6.1.jar:/Users/param/.m2/repository/org/springframework/boot/spring-boot-actuator/2.6.1/spring-boot-actuator-2.6.1.jar:/Users/param/.m2/repository/io/micrometer/micrometer-core/1.8.0/micrometer-core-1.8.0.jar:/Users/param/.m2/repository/org/hdrhistogram/HdrHistogram/2.1.12/HdrHistogram-2.1.12.jar:/Users/param/.m2/repository/org/latencyutils/LatencyUtils/2.0.3/LatencyUtils-2.0.3.jar:/Users/param/.m2/repository/org/springframework/boot/spring-boot-starter-validation/2.6.1/spring-boot-starter-validation-2.6.1.jar:/Users/param/.m2/repository/org/apache/tomcat/embed/tomcat-embed-el/9.0.55/tomcat-embed-el-9.0.55.jar:/Users/param/.m2/repository/org/hibernate/validator/hibernate-validator/6.2.0.Final/hibernate-validator-6.2.0.Final.jar:/Users/param/.m2/repository/jakarta/validation/jakarta.validation-api/2.0.2/jakarta.validation-api-2.0.2.jar:/Users/param/.m2/repository/org/jboss/logging/jboss-logging/3.4.2.Final/jboss-logging-3.4.2.Final.jar:/Users/param/.m2/repository/com/fasterxml/classmate/1.5.1/classmate-1.5.1.jar:/Users/param/.m2/repository/javax/annotation/javax.annotation-api/1.3.2/javax.annotation-api-1.3.2.jar:/Users/param/.m2/repository/io/swagger/core/v3/swagger-annotations/2.1.7/swagger-annotations-2.1.7.jar:/Users/param/.m2/repository/org/apache/commons/commons-lang3/3.12.0/commons-lang3-3.12.0.jar:/Users/param/.m2/repository/com/fasterxml/jackson/core/jackson-databind/2.13.0/jackson-databind-2.13.0.jar:/Users/param/.m2/repository/com/fasterxml/jackson/core/jackson-annotations/2.13.0/jackson-annotations-2.13.0.jar:/Users/param/.m2/repository/com/fasterxml/jackson/core/jackson-core/2.13.0/jackson-core-2.13.0.jar:/Users/param/.m2/repository/org/springframework/boot/spring-boot-starter-test/2.6.1/spring-boot-starter-test-2.6.1.jar:/Users/param/.m2/repository/org/springframework/boot/spring-boot-test/2.6.1/spring-boot-test-2.6.1.jar:/Users/param/.m2/repository/org/springframework/boot/spring-boot-test-autoconfigure/2.6.1/spring-boot-test-autoconfigure-2.6.1.jar:/Users/param/.m2/repository/com/jayway/jsonpath/json-path/2.6.0/json-path-2.6.0.jar:/Users/param/.m2/repository/net/minidev/json-smart/2.4.7/json-smart-2.4.7.jar:/Users/param/.m2/repository/net/minidev/accessors-smart/2.4.7/accessors-smart-2.4.7.jar:/Users/param/.m2/repository/org/ow2/asm/asm/9.1/asm-9.1.jar:/Users/param/.m2/repository/org/slf4j/slf4j-api/1.7.32/slf4j-api-1.7.32.jar:/Users/param/.m2/repository/jakarta/xml/bind/jakarta.xml.bind-api/2.3.3/jakarta.xml.bind-api-2.3.3.jar:/Users/param/.m2/repository/jakarta/activation/jakarta.activation-api/1.2.2/jakarta.activation-api-1.2.2.jar:/Users/param/.m2/repository/org/assertj/assertj-core/3.21.0/assertj-core-3.21.0.jar:/Users/param/.m2/repository/org/hamcrest/hamcrest/2.2/hamcrest-2.2.jar:/Users/param/.m2/repository/org/junit/jupiter/junit-jupiter/5.8.1/junit-jupiter-5.8.1.jar:/Users/param/.m2/repository/org/junit/jupiter/junit-jupiter-api/5.8.1/junit-jupiter-api-5.8.1.jar:/Users/param/.m2/repository/org/opentest4j/opentest4j/1.2.0/opentest4j-1.2.0.jar:/Users/param/.m2/repository/org/junit/platform/junit-platform-commons/1.8.1/junit-platform-commons-1.8.1.jar:/Users/param/.m2/repository/org/apiguardian/apiguardian-api/1.1.2/apiguardian-api-1.1.2.jar:/Users/param/.m2/repository/org/junit/jupiter/junit-jupiter-params/5.8.1/junit-jupiter-params-5.8.1.jar:/Users/param/.m2/repository/org/junit/jupiter/junit-jupiter-engine/5.8.1/junit-jupiter-engine-5.8.1.jar:/Users/param/.m2/repository/org/junit/platform/junit-platform-engine/1.8.1/junit-platform-engine-1.8.1.jar:/Users/param/.m2/repository/org/mockito/mockito-core/4.0.0/mockito-core-4.0.0.jar:/Users/param/.m2/repository/net/bytebuddy/byte-buddy/1.11.22/byte-buddy-1.11.22.jar:/Users/param/.m2/repository/net/bytebuddy/byte-buddy-agent/1.11.22/byte-buddy-agent-1.11.22.jar:/Users/param/.m2/repository/org/objenesis/objenesis/3.2/objenesis-3.2.jar:/Users/param/.m2/repository/org/mockito/mockito-junit-jupiter/4.0.0/mockito-junit-jupiter-4.0.0.jar:/Users/param/.m2/repository/org/skyscreamer/jsonassert/1.5.0/jsonassert-1.5.0.jar:/Users/param/.m2/repository/com/vaadin/external/google/android-json/0.0.20131108.vaadin1/android-json-0.0.20131108.vaadin1.jar:/Users/param/.m2/repository/org/springframework/spring-test/5.3.13/spring-test-5.3.13.jar:/Users/param/.m2/repository/org/xmlunit/xmlunit-core/2.8.3/xmlunit-core-2.8.3.jar:/Users/param/.m2/repository/com/google/code/gson/gson/2.8.8/gson-2.8.8.jar:/Users/param/.m2/repository/io/swagger/swagger-annotations/1.6.2/swagger-annotations-1.6.2.jar:/Users/param/.m2/repository/com/google/code/findbugs/jsr305/3.0.2/jsr305-3.0.2.jar:"/>
    <property name="sun.cpu.endian" value="little"/>
    <property name="user.home" value="/Users/param"/>
    <property name="user.language" value="en"/>
    <property name="java.specification.vendor" value="Oracle Corporation"/>
    <property name="java.version.date" value="2021-01-19"/>
    <property name="java.home" value="/usr/local/Cellar/openjdk/15.0.2/libexec/openjdk.jdk/Contents/Home"/>
    <property name="file.separator" value="/"/>
    <property name="basedir" value="/Users/param/Downloads/camel-and-snake-case"/>
    <property name="java.vm.compressedOopsMode" value="Zero based"/>
    <property name="line.separator" value="&#10;"/>
    <property name="java.vm.specification.vendor" value="Oracle Corporation"/>
    <property name="java.specification.name" value="Java Platform API Specification"/>
    <property name="surefire.real.class.path" value="/Users/param/Downloads/camel-and-snake-case/target/surefire/surefirebooter12004460069391647735.jar"/>
    <property name="sun.management.compiler" value="HotSpot 64-Bit Tiered Compilers"/>
    <property name="java.runtime.version" value="15.0.2+7"/>
    <property name="user.name" value="param"/>
    <property name="path.separator" value=":"/>
    <property name="os.version" value="11.2.1"/>
    <property name="java.runtime.name" value="OpenJDK Runtime Environment"/>
    <property name="file.encoding" value="US-ASCII"/>
    <property name="java.vm.name" value="OpenJDK 64-Bit Server VM"/>
    <property name="localRepository" value="/Users/param/.m2/repository"/>
    <property name="java.vendor.url.bug" value="https://bugreport.java.com/bugreport/"/>
    <property name="java.io.tmpdir" value="/var/folders/bf/mrx0vys53cgf0xdwln8zwzjr0000gp/T/"/>
    <property name="java.version" value="15.0.2"/>
    <property name="user.dir" value="/Users/param/Downloads/camel-and-snake-case"/>
    <property name="os.arch" value="x86_64"/>
    <property name="java.vm.specification.name" value="Java Virtual Machine Specification"/>
    <property name="java.library.path" value="/Users/param/Library/Java/Extensions:/Library/Java/Extensions:/Network/Library/Java/Extensions:/System/Library/Java/Extensions:/usr/lib/java:."/>
    <property name="java.vm.info" value="mixed mode, sharing"/>
    <property name="java.vendor" value="N/A"/>
    <property name="java.vm.version" value="15.0.2+7"/>
    <property name="sun.io.unicode.encoding" value="UnicodeBig"/>
    <property name="java.class.version" value="59.0"/>
  </properties>
  <testcase name="contextLoads" classname="com.param.rest.openapi.camelandsnakecase.CamelAndSnakeCaseApplicationTests" time="0.404"/>
</testsuite>